Performing C SOURCE FILE Test CMAKE_HAVE_LIBC_PTHREAD failed with the following output:
Change Dir: /jetson-inference/another/CUDA-PointPillars/build/CMakeFiles/CMakeTmp

Run Build Command(s):/usr/bin/make -f Makefile cmTC_66fae/fast && /usr/bin/make  -f CMakeFiles/cmTC_66fae.dir/build.make CMakeFiles/cmTC_66fae.dir/build
make[1]: Entering directory '/jetson-inference/another/CUDA-PointPillars/build/CMakeFiles/CMakeTmp'
Building C object CMakeFiles/cmTC_66fae.dir/src.c.o
/usr/bin/cc -DCMAKE_HAVE_LIBC_PTHREAD  -fPIC  -o CMakeFiles/cmTC_66fae.dir/src.c.o -c /jetson-inference/another/CUDA-PointPillars/build/CMakeFiles/CMakeTmp/src.c
Linking C executable cmTC_66fae
/usr/local/lib/python3.8/dist-packages/cmake/data/bin/cmake -E cmake_link_script CMakeFiles/cmTC_66fae.dir/link.txt --verbose=1
/usr/bin/cc -fPIC  -rdynamic CMakeFiles/cmTC_66fae.dir/src.c.o -o cmTC_66fae 
/usr/bin/ld: CMakeFiles/cmTC_66fae.dir/src.c.o: in function `main':
src.c:(.text+0x48): undefined reference to `pthread_create'
/usr/bin/ld: src.c:(.text+0x50): undefined reference to `pthread_detach'
/usr/bin/ld: src.c:(.text+0x58): undefined reference to `pthread_cancel'
/usr/bin/ld: src.c:(.text+0x64): undefined reference to `pthread_join'
collect2: error: ld returned 1 exit status
make[1]: *** [CMakeFiles/cmTC_66fae.dir/build.make:99: cmTC_66fae] Error 1
make[1]: Leaving directory '/jetson-inference/another/CUDA-PointPillars/build/CMakeFiles/CMakeTmp'
make: *** [Makefile:127: cmTC_66fae/fast] Error 2


Source file was:
#include <pthread.h>

static void* test_func(void* data)
{
  return data;
}

int main(void)
{
  pthread_t thread;
  pthread_create(&thread, NULL, test_func, NULL);
  pthread_detach(thread);
  pthread_cancel(thread);
  pthread_join(thread, NULL);
  pthread_atfork(NULL, NULL, NULL);
  pthread_exit(NULL);

  return 0;
}

Determining if the function pthread_create exists in the pthreads failed with the following output:
Change Dir: /jetson-inference/another/CUDA-PointPillars/build/CMakeFiles/CMakeTmp

Run Build Command(s):/usr/bin/make -f Makefile cmTC_911c7/fast && /usr/bin/make  -f CMakeFiles/cmTC_911c7.dir/build.make CMakeFiles/cmTC_911c7.dir/build
make[1]: Entering directory '/jetson-inference/another/CUDA-PointPillars/build/CMakeFiles/CMakeTmp'
Building C object CMakeFiles/cmTC_911c7.dir/CheckFunctionExists.c.o
/usr/bin/cc   -fPIC -DCHECK_FUNCTION_EXISTS=pthread_create -o CMakeFiles/cmTC_911c7.dir/CheckFunctionExists.c.o -c /usr/local/lib/python3.8/dist-packages/cmake/data/share/cmake-3.22/Modules/CheckFunctionExists.c
Linking C executable cmTC_911c7
/usr/local/lib/python3.8/dist-packages/cmake/data/bin/cmake -E cmake_link_script CMakeFiles/cmTC_911c7.dir/link.txt --verbose=1
/usr/bin/cc -fPIC -DCHECK_FUNCTION_EXISTS=pthread_create -rdynamic CMakeFiles/cmTC_911c7.dir/CheckFunctionExists.c.o -o cmTC_911c7  -lpthreads 
/usr/bin/ld: cannot find -lpthreads
collect2: error: ld returned 1 exit status
make[1]: *** [CMakeFiles/cmTC_911c7.dir/build.make:99: cmTC_911c7] Error 1
make[1]: Leaving directory '/jetson-inference/another/CUDA-PointPillars/build/CMakeFiles/CMakeTmp'
make: *** [Makefile:127: cmTC_911c7/fast] Error 2



